<?xml version="1.0" encoding="UTF-8"?>
<!-- Generated by org.testng.reporters.JUnitReportReporter -->
<testsuite hostname="DESKTOP-F4K1FN9" failures="0" tests="1" name="TestCases.VerifyTabs" time="11.930" errors="0" timestamp="2023-06-04T15:02:43 IST" skipped="0">
  <testcase classname="TestCases.VerifyTabs" name="verifytab" time="11.930"/>
  <system-out/>
</testsuite> <!-- TestCases.VerifyTabs -->
